<?xml version="1.0" encoding="UTF-8" ?>
<testsuite failures="0" time="2.663" errors="0" skipped="0" tests="1" name="com.itbuzzpress.chapter3.HelloWorldIntegrationTest">
  <properties>
    <property name="java.runtime.name" value="Java(TM) SE Runtime Environment"/>
    <property name="sun.boot.library.path" value="/usr/share/jdk1.7.0_45/jre/lib/i386"/>
    <property name="java.vm.version" value="24.45-b08"/>
    <property name="java.vm.vendor" value="Oracle Corporation"/>
    <property name="java.vendor.url" value="http://java.oracle.com/"/>
    <property name="path.separator" value=":"/>
    <property name="java.vm.name" value="Java HotSpot(TM) Client VM"/>
    <property name="file.encoding.pkg" value="sun.io"/>
    <property name="user.country" value="US"/>
    <property name="sun.java.launcher" value="SUN_STANDARD"/>
    <property name="sun.os.patch.level" value="unknown"/>
    <property name="log4j.output.dir" value="/home/jboss/tmp/handlers/target"/>
    <property name="java.vm.specification.name" value="Java Virtual Machine Specification"/>
    <property name="user.dir" value="/home/jboss/tmp/handlers"/>
    <property name="java.runtime.version" value="1.7.0_45-b18"/>
    <property name="java.awt.graphicsenv" value="sun.awt.X11GraphicsEnvironment"/>
    <property name="basedir" value="/home/jboss/tmp/handlers"/>
    <property name="java.endorsed.dirs" value="/usr/share/jdk1.7.0_45/jre/lib/endorsed"/>
    <property name="os.arch" value="i386"/>
    <property name="surefire.real.class.path" value="/home/jboss/tmp/handlers/target/surefire/surefirebooter8989747324413144547.jar"/>
    <property name="java.io.tmpdir" value="/tmp"/>
    <property name="line.separator" value="
"/>
    <property name="java.vm.specification.vendor" value="Oracle Corporation"/>
    <property name="os.name" value="Linux"/>
    <property name="sun.jnu.encoding" value="UTF-8"/>
    <property name="java.library.path" value="/usr/java/packages/lib/i386:/lib:/usr/lib"/>
    <property name="surefire.test.class.path" value="/home/jboss/tmp/handlers/target/test-classes:/home/jboss/tmp/handlers/target/classes:/home/jboss/.m2/repository/javax/activation/activation/1.1.1/activation-1.1.1.jar:/home/jboss/.m2/repository/javax/enterprise/cdi-api/1.1/cdi-api-1.1.jar:/home/jboss/.m2/repository/javax/inject/javax.inject/1/javax.inject-1.jar:/home/jboss/.m2/repository/javax/jws/jsr181-api/1.0-MR1/jsr181-api-1.0-MR1.jar:/home/jboss/.m2/repository/com/sun/mail/javax.mail/1.5.1/javax.mail-1.5.1.jar:/home/jboss/.m2/repository/javax/validation/validation-api/1.1.0.Final/validation-api-1.1.0.Final.jar:/home/jboss/.m2/repository/org/hibernate/javax/persistence/hibernate-jpa-2.1-api/1.0.0.Final/hibernate-jpa-2.1-api-1.0.0.Final.jar:/home/jboss/.m2/repository/org/jboss/spec/javax/annotation/jboss-annotations-api_1.2_spec/1.0.0.Final/jboss-annotations-api_1.2_spec-1.0.0.Final.jar:/home/jboss/.m2/repository/org/jboss/spec/javax/batch/jboss-batch-api_1.0_spec/1.0.0.Final/jboss-batch-api_1.0_spec-1.0.0.Final.jar:/home/jboss/.m2/repository/org/jboss/spec/javax/ejb/jboss-ejb-api_3.2_spec/1.0.0.Final/jboss-ejb-api_3.2_spec-1.0.0.Final.jar:/home/jboss/.m2/repository/org/jboss/spec/javax/el/jboss-el-api_3.0_spec/1.0.0.Final/jboss-el-api_3.0_spec-1.0.0.Final.jar:/home/jboss/.m2/repository/org/jboss/spec/javax/enterprise/concurrent/jboss-concurrency-api_1.0_spec/1.0.0.Final/jboss-concurrency-api_1.0_spec-1.0.0.Final.jar:/home/jboss/.m2/repository/org/jboss/spec/javax/faces/jboss-jsf-api_2.2_spec/2.2.5/jboss-jsf-api_2.2_spec-2.2.5.jar:/home/jboss/.m2/repository/org/jboss/spec/javax/interceptor/jboss-interceptors-api_1.2_spec/1.0.0.Final/jboss-interceptors-api_1.2_spec-1.0.0.Final.jar:/home/jboss/.m2/repository/org/jboss/spec/javax/json/jboss-json-api_1.0_spec/1.0.0.Final/jboss-json-api_1.0_spec-1.0.0.Final.jar:/home/jboss/.m2/repository/org/jboss/spec/javax/management/j2ee/jboss-j2eemgmt-api_1.1_spec/1.0.1.Final/jboss-j2eemgmt-api_1.1_spec-1.0.1.Final.jar:/home/jboss/.m2/repository/org/jboss/spec/javax/resource/jboss-connector-api_1.7_spec/1.0.0.Final/jboss-connector-api_1.7_spec-1.0.0.Final.jar:/home/jboss/.m2/repository/org/jboss/spec/javax/rmi/jboss-rmi-api_1.0_spec/1.0.4.Final/jboss-rmi-api_1.0_spec-1.0.4.Final.jar:/home/jboss/.m2/repository/org/jboss/spec/javax/security/jacc/jboss-jacc-api_1.5_spec/1.0.0.Final/jboss-jacc-api_1.5_spec-1.0.0.Final.jar:/home/jboss/.m2/repository/org/jboss/spec/javax/security/auth/message/jboss-jaspi-api_1.1_spec/1.0.0.Final/jboss-jaspi-api_1.1_spec-1.0.0.Final.jar:/home/jboss/.m2/repository/org/jboss/spec/javax/jms/jboss-jms-api_2.0_spec/1.0.0.Final/jboss-jms-api_2.0_spec-1.0.0.Final.jar:/home/jboss/.m2/repository/org/jboss/spec/javax/servlet/jboss-servlet-api_3.1_spec/1.0.0.Final/jboss-servlet-api_3.1_spec-1.0.0.Final.jar:/home/jboss/.m2/repository/org/jboss/spec/javax/servlet/jsp/jboss-jsp-api_2.3_spec/1.0.0.Final/jboss-jsp-api_2.3_spec-1.0.0.Final.jar:/home/jboss/.m2/repository/org/jboss/spec/javax/servlet/jstl/jboss-jstl-api_1.2_spec/1.0.4.Final/jboss-jstl-api_1.2_spec-1.0.4.Final.jar:/home/jboss/.m2/repository/org/jboss/spec/javax/transaction/jboss-transaction-api_1.2_spec/1.0.0.Final/jboss-transaction-api_1.2_spec-1.0.0.Final.jar:/home/jboss/.m2/repository/org/jboss/resteasy/jaxrs-api/3.0.6.Final/jaxrs-api-3.0.6.Final.jar:/home/jboss/.m2/repository/org/jboss/spec/javax/websocket/jboss-websocket-api_1.0_spec/1.0.0.Final/jboss-websocket-api_1.0_spec-1.0.0.Final.jar:/home/jboss/.m2/repository/org/jboss/spec/javax/xml/bind/jboss-jaxb-api_2.2_spec/1.0.4.Final/jboss-jaxb-api_2.2_spec-1.0.4.Final.jar:/home/jboss/.m2/repository/org/jboss/spec/javax/xml/soap/jboss-saaj-api_1.3_spec/1.0.3.Final/jboss-saaj-api_1.3_spec-1.0.3.Final.jar:/home/jboss/.m2/repository/org/jboss/spec/javax/xml/ws/jboss-jaxws-api_2.2_spec/2.0.2.Final/jboss-jaxws-api_2.2_spec-2.0.2.Final.jar:/home/jboss/.m2/repository/org/jboss/ws/cxf/jbossws-cxf-client/4.2.3.Final/jbossws-cxf-client-4.2.3.Final.jar:/home/jboss/.m2/repository/org/jboss/ws/jbossws-api/1.0.2.Final/jbossws-api-1.0.2.Final.jar:/home/jboss/.m2/repository/org/jboss/ws/jbossws-common/2.2.3.Final/jbossws-common-2.2.3.Final.jar:/home/jboss/.m2/repository/jboss/jaxbintros/jboss-jaxb-intros/1.0.2.GA/jboss-jaxb-intros-1.0.2.GA.jar:/home/jboss/.m2/repository/commons-beanutils/commons-beanutils/1.8.0/commons-beanutils-1.8.0.jar:/home/jboss/.m2/repository/org/jboss/ws/jbossws-common-tools/1.2.0.Final/jbossws-common-tools-1.2.0.Final.jar:/home/jboss/.m2/repository/gnu/getopt/java-getopt/1.0.13/java-getopt-1.0.13.jar:/home/jboss/.m2/repository/org/jboss/ws/jbossws-spi/2.2.2.Final/jbossws-spi-2.2.2.Final.jar:/home/jboss/.m2/repository/org/jboss/ws/cxf/jbossws-cxf-factories/4.2.3.Final/jbossws-cxf-factories-4.2.3.Final.jar:/home/jboss/.m2/repository/org/jboss/ws/cxf/jbossws-cxf-transports-httpserver/4.2.3.Final/jbossws-cxf-transports-httpserver-4.2.3.Final.jar:/home/jboss/.m2/repository/org/jboss/ws/projects/jaxws-jboss-httpserver-httpspi/1.0.1.GA/jaxws-jboss-httpserver-httpspi-1.0.1.GA.jar:/home/jboss/.m2/repository/org/jboss/com/sun/httpserver/httpserver/1.0.0.Final/httpserver-1.0.0.Final.jar:/home/jboss/.m2/repository/org/jboss/ws/cxf/jbossws-cxf-transports-udp/4.2.3.Final/jbossws-cxf-transports-udp-4.2.3.Final.jar:/home/jboss/.m2/repository/org/apache/cxf/cxf-rt-bindings-soap/2.7.7/cxf-rt-bindings-soap-2.7.7.jar:/home/jboss/.m2/repository/org/apache/cxf/cxf-api/2.7.7/cxf-api-2.7.7.jar:/home/jboss/.m2/repository/org/apache/ws/xmlschema/xmlschema-core/2.0.3/xmlschema-core-2.0.3.jar:/home/jboss/.m2/repository/org/apache/cxf/cxf-rt-databinding-jaxb/2.7.7/cxf-rt-databinding-jaxb-2.7.7.jar:/home/jboss/.m2/repository/org/apache/cxf/cxf-rt-bindings-object/2.7.7/cxf-rt-bindings-object-2.7.7.jar:/home/jboss/.m2/repository/org/apache/cxf/cxf-rt-bindings-coloc/2.7.7/cxf-rt-bindings-coloc-2.7.7.jar:/home/jboss/.m2/repository/org/apache/cxf/cxf-rt-core/2.7.7/cxf-rt-core-2.7.7.jar:/home/jboss/.m2/repository/org/apache/cxf/cxf-rt-frontend-jaxws/2.7.7/cxf-rt-frontend-jaxws-2.7.7.jar:/home/jboss/.m2/repository/xml-resolver/xml-resolver/1.2/xml-resolver-1.2.jar:/home/jboss/.m2/repository/org/apache/cxf/cxf-rt-bindings-xml/2.7.7/cxf-rt-bindings-xml-2.7.7.jar:/home/jboss/.m2/repository/org/apache/cxf/cxf-rt-frontend-simple/2.7.7/cxf-rt-frontend-simple-2.7.7.jar:/home/jboss/.m2/repository/org/apache/cxf/cxf-rt-ws-addr/2.7.7/cxf-rt-ws-addr-2.7.7.jar:/home/jboss/.m2/repository/org/apache/cxf/cxf-rt-transports-http/2.7.7/cxf-rt-transports-http-2.7.7.jar:/home/jboss/.m2/repository/org/apache/cxf/cxf-rt-transports-jms/2.7.7/cxf-rt-transports-jms-2.7.7.jar:/home/jboss/.m2/repository/org/apache/cxf/cxf-rt-management/2.7.7/cxf-rt-management-2.7.7.jar:/home/jboss/.m2/repository/com/sun/xml/bind/jaxb-impl/2.2.6/jaxb-impl-2.2.6.jar:/home/jboss/.m2/repository/com/sun/xml/bind/jaxb-xjc/2.2.6/jaxb-xjc-2.2.6.jar:/home/jboss/.m2/repository/org/apache/cxf/cxf-rt-transports-local/2.7.7/cxf-rt-transports-local-2.7.7.jar:/home/jboss/.m2/repository/org/apache/cxf/cxf-rt-ws-mex/2.7.7/cxf-rt-ws-mex-2.7.7.jar:/home/jboss/.m2/repository/org/apache/cxf/cxf-rt-ws-rm/2.7.7/cxf-rt-ws-rm-2.7.7.jar:/home/jboss/.m2/repository/org/apache/cxf/cxf-rt-ws-policy/2.7.7/cxf-rt-ws-policy-2.7.7.jar:/home/jboss/.m2/repository/org/apache/neethi/neethi/3.0.2/neethi-3.0.2.jar:/home/jboss/.m2/repository/org/apache/cxf/cxf-rt-ws-security/2.7.7/cxf-rt-ws-security-2.7.7.jar:/home/jboss/.m2/repository/net/sf/ehcache/ehcache-core/2.5.1/ehcache-core-2.5.1.jar:/home/jboss/.m2/repository/org/apache/ws/security/wss4j/1.6.12/wss4j-1.6.12.jar:/home/jboss/.m2/repository/org/opensaml/opensaml/2.5.1-1/opensaml-2.5.1-1.jar:/home/jboss/.m2/repository/org/opensaml/openws/1.4.2-1/openws-1.4.2-1.jar:/home/jboss/.m2/repository/org/opensaml/xmltooling/1.3.2-1/xmltooling-1.3.2-1.jar:/home/jboss/.m2/repository/joda-time/joda-time/1.6.2/joda-time-1.6.2.jar:/home/jboss/.m2/repository/commons-logging/commons-logging/1.1.1/commons-logging-1.1.1.jar:/home/jboss/.m2/repository/org/apache/cxf/cxf-tools-java2ws/2.7.7/cxf-tools-java2ws-2.7.7.jar:/home/jboss/.m2/repository/org/apache/cxf/cxf-tools-common/2.7.7/cxf-tools-common-2.7.7.jar:/home/jboss/.m2/repository/wsdl4j/wsdl4j/1.6.3/wsdl4j-1.6.3.jar:/home/jboss/.m2/repository/org/apache/cxf/cxf-rt-databinding-aegis/2.7.7/cxf-rt-databinding-aegis-2.7.7.jar:/home/jboss/.m2/repository/org/apache/cxf/cxf-tools-wsdlto-core/2.7.7/cxf-tools-wsdlto-core-2.7.7.jar:/home/jboss/.m2/repository/org/apache/cxf/cxf-tools-validator/2.7.7/cxf-tools-validator-2.7.7.jar:/home/jboss/.m2/repository/org/apache/cxf/cxf-tools-wsdlto-databinding-jaxb/2.7.7/cxf-tools-wsdlto-databinding-jaxb-2.7.7.jar:/home/jboss/.m2/repository/org/apache/cxf/cxf-tools-wsdlto-frontend-jaxws/2.7.7/cxf-tools-wsdlto-frontend-jaxws-2.7.7.jar:/home/jboss/.m2/repository/org/apache/cxf/services/ws-discovery/cxf-services-ws-discovery-api/2.7.7/cxf-services-ws-discovery-api-2.7.7.jar:/home/jboss/.m2/repository/org/apache/cxf/xjcplugins/cxf-xjc-boolean/2.6.1/cxf-xjc-boolean-2.6.1.jar:/home/jboss/.m2/repository/org/apache/cxf/xjcplugins/cxf-xjc-dv/2.6.1/cxf-xjc-dv-2.6.1.jar:/home/jboss/.m2/repository/org/apache/cxf/xjcplugins/cxf-xjc-ts/2.6.1/cxf-xjc-ts-2.6.1.jar:/home/jboss/.m2/repository/org/apache/velocity/velocity/1.7/velocity-1.7.jar:/home/jboss/.m2/repository/commons-collections/commons-collections/3.2.1/commons-collections-3.2.1.jar:/home/jboss/.m2/repository/commons-lang/commons-lang/2.6/commons-lang-2.6.jar:/home/jboss/.m2/repository/javax/xml/stream/stax-api/1.0-2/stax-api-1.0-2.jar:/home/jboss/.m2/repository/com/sun/xml/fastinfoset/FastInfoset/1.2.12/FastInfoset-1.2.12.jar:/home/jboss/.m2/repository/org/apache/santuario/xmlsec/1.5.5/xmlsec-1.5.5.jar:/home/jboss/.m2/repository/org/codehaus/woodstox/woodstox-core-asl/4.2.0/woodstox-core-asl-4.2.0.jar:/home/jboss/.m2/repository/org/codehaus/woodstox/stax2-api/3.1.1/stax2-api-3.1.1.jar:/home/jboss/.m2/repository/asm/asm/3.3.1/asm-3.3.1.jar:/home/jboss/.m2/repository/org/jboss/spec/javax/xml/rpc/jboss-jaxrpc-api_1.1_spec/1.0.1.Final/jboss-jaxrpc-api_1.1_spec-1.0.1.Final.jar:/home/jboss/.m2/repository/org/jboss/spec/javax/servlet/jboss-servlet-api_3.0_spec/1.0.1.Final/jboss-servlet-api_3.0_spec-1.0.1.Final.jar:/home/jboss/.m2/repository/org/jboss/logging/jboss-logging/3.1.2.GA/jboss-logging-3.1.2.GA.jar:/home/jboss/.m2/repository/log4j/log4j/1.2.14/log4j-1.2.14.jar:/home/jboss/.m2/repository/org/slf4j/slf4j-log4j12/1.6.1/slf4j-log4j12-1.6.1.jar:/home/jboss/.m2/repository/org/slf4j/slf4j-api/1.6.1/slf4j-api-1.6.1.jar:/home/jboss/.m2/repository/junit/junit/4.8.1/junit-4.8.1.jar:"/>
    <property name="java.specification.name" value="Java Platform API Specification"/>
    <property name="java.class.version" value="51.0"/>
    <property name="sun.management.compiler" value="HotSpot Client Compiler"/>
    <property name="os.version" value="3.0.0-12-generic"/>
    <property name="user.home" value="/home/jboss"/>
    <property name="user.timezone" value="Europe/Rome"/>
    <property name="java.awt.printerjob" value="sun.print.PSPrinterJob"/>
    <property name="java.specification.version" value="1.7"/>
    <property name="file.encoding" value="UTF-8"/>
    <property name="user.name" value="jboss"/>
    <property name="java.class.path" value="/home/jboss/tmp/handlers/target/test-classes:/home/jboss/tmp/handlers/target/classes:/home/jboss/.m2/repository/javax/activation/activation/1.1.1/activation-1.1.1.jar:/home/jboss/.m2/repository/javax/enterprise/cdi-api/1.1/cdi-api-1.1.jar:/home/jboss/.m2/repository/javax/inject/javax.inject/1/javax.inject-1.jar:/home/jboss/.m2/repository/javax/jws/jsr181-api/1.0-MR1/jsr181-api-1.0-MR1.jar:/home/jboss/.m2/repository/com/sun/mail/javax.mail/1.5.1/javax.mail-1.5.1.jar:/home/jboss/.m2/repository/javax/validation/validation-api/1.1.0.Final/validation-api-1.1.0.Final.jar:/home/jboss/.m2/repository/org/hibernate/javax/persistence/hibernate-jpa-2.1-api/1.0.0.Final/hibernate-jpa-2.1-api-1.0.0.Final.jar:/home/jboss/.m2/repository/org/jboss/spec/javax/annotation/jboss-annotations-api_1.2_spec/1.0.0.Final/jboss-annotations-api_1.2_spec-1.0.0.Final.jar:/home/jboss/.m2/repository/org/jboss/spec/javax/batch/jboss-batch-api_1.0_spec/1.0.0.Final/jboss-batch-api_1.0_spec-1.0.0.Final.jar:/home/jboss/.m2/repository/org/jboss/spec/javax/ejb/jboss-ejb-api_3.2_spec/1.0.0.Final/jboss-ejb-api_3.2_spec-1.0.0.Final.jar:/home/jboss/.m2/repository/org/jboss/spec/javax/el/jboss-el-api_3.0_spec/1.0.0.Final/jboss-el-api_3.0_spec-1.0.0.Final.jar:/home/jboss/.m2/repository/org/jboss/spec/javax/enterprise/concurrent/jboss-concurrency-api_1.0_spec/1.0.0.Final/jboss-concurrency-api_1.0_spec-1.0.0.Final.jar:/home/jboss/.m2/repository/org/jboss/spec/javax/faces/jboss-jsf-api_2.2_spec/2.2.5/jboss-jsf-api_2.2_spec-2.2.5.jar:/home/jboss/.m2/repository/org/jboss/spec/javax/interceptor/jboss-interceptors-api_1.2_spec/1.0.0.Final/jboss-interceptors-api_1.2_spec-1.0.0.Final.jar:/home/jboss/.m2/repository/org/jboss/spec/javax/json/jboss-json-api_1.0_spec/1.0.0.Final/jboss-json-api_1.0_spec-1.0.0.Final.jar:/home/jboss/.m2/repository/org/jboss/spec/javax/management/j2ee/jboss-j2eemgmt-api_1.1_spec/1.0.1.Final/jboss-j2eemgmt-api_1.1_spec-1.0.1.Final.jar:/home/jboss/.m2/repository/org/jboss/spec/javax/resource/jboss-connector-api_1.7_spec/1.0.0.Final/jboss-connector-api_1.7_spec-1.0.0.Final.jar:/home/jboss/.m2/repository/org/jboss/spec/javax/rmi/jboss-rmi-api_1.0_spec/1.0.4.Final/jboss-rmi-api_1.0_spec-1.0.4.Final.jar:/home/jboss/.m2/repository/org/jboss/spec/javax/security/jacc/jboss-jacc-api_1.5_spec/1.0.0.Final/jboss-jacc-api_1.5_spec-1.0.0.Final.jar:/home/jboss/.m2/repository/org/jboss/spec/javax/security/auth/message/jboss-jaspi-api_1.1_spec/1.0.0.Final/jboss-jaspi-api_1.1_spec-1.0.0.Final.jar:/home/jboss/.m2/repository/org/jboss/spec/javax/jms/jboss-jms-api_2.0_spec/1.0.0.Final/jboss-jms-api_2.0_spec-1.0.0.Final.jar:/home/jboss/.m2/repository/org/jboss/spec/javax/servlet/jboss-servlet-api_3.1_spec/1.0.0.Final/jboss-servlet-api_3.1_spec-1.0.0.Final.jar:/home/jboss/.m2/repository/org/jboss/spec/javax/servlet/jsp/jboss-jsp-api_2.3_spec/1.0.0.Final/jboss-jsp-api_2.3_spec-1.0.0.Final.jar:/home/jboss/.m2/repository/org/jboss/spec/javax/servlet/jstl/jboss-jstl-api_1.2_spec/1.0.4.Final/jboss-jstl-api_1.2_spec-1.0.4.Final.jar:/home/jboss/.m2/repository/org/jboss/spec/javax/transaction/jboss-transaction-api_1.2_spec/1.0.0.Final/jboss-transaction-api_1.2_spec-1.0.0.Final.jar:/home/jboss/.m2/repository/org/jboss/resteasy/jaxrs-api/3.0.6.Final/jaxrs-api-3.0.6.Final.jar:/home/jboss/.m2/repository/org/jboss/spec/javax/websocket/jboss-websocket-api_1.0_spec/1.0.0.Final/jboss-websocket-api_1.0_spec-1.0.0.Final.jar:/home/jboss/.m2/repository/org/jboss/spec/javax/xml/bind/jboss-jaxb-api_2.2_spec/1.0.4.Final/jboss-jaxb-api_2.2_spec-1.0.4.Final.jar:/home/jboss/.m2/repository/org/jboss/spec/javax/xml/soap/jboss-saaj-api_1.3_spec/1.0.3.Final/jboss-saaj-api_1.3_spec-1.0.3.Final.jar:/home/jboss/.m2/repository/org/jboss/spec/javax/xml/ws/jboss-jaxws-api_2.2_spec/2.0.2.Final/jboss-jaxws-api_2.2_spec-2.0.2.Final.jar:/home/jboss/.m2/repository/org/jboss/ws/cxf/jbossws-cxf-client/4.2.3.Final/jbossws-cxf-client-4.2.3.Final.jar:/home/jboss/.m2/repository/org/jboss/ws/jbossws-api/1.0.2.Final/jbossws-api-1.0.2.Final.jar:/home/jboss/.m2/repository/org/jboss/ws/jbossws-common/2.2.3.Final/jbossws-common-2.2.3.Final.jar:/home/jboss/.m2/repository/jboss/jaxbintros/jboss-jaxb-intros/1.0.2.GA/jboss-jaxb-intros-1.0.2.GA.jar:/home/jboss/.m2/repository/commons-beanutils/commons-beanutils/1.8.0/commons-beanutils-1.8.0.jar:/home/jboss/.m2/repository/org/jboss/ws/jbossws-common-tools/1.2.0.Final/jbossws-common-tools-1.2.0.Final.jar:/home/jboss/.m2/repository/gnu/getopt/java-getopt/1.0.13/java-getopt-1.0.13.jar:/home/jboss/.m2/repository/org/jboss/ws/jbossws-spi/2.2.2.Final/jbossws-spi-2.2.2.Final.jar:/home/jboss/.m2/repository/org/jboss/ws/cxf/jbossws-cxf-factories/4.2.3.Final/jbossws-cxf-factories-4.2.3.Final.jar:/home/jboss/.m2/repository/org/jboss/ws/cxf/jbossws-cxf-transports-httpserver/4.2.3.Final/jbossws-cxf-transports-httpserver-4.2.3.Final.jar:/home/jboss/.m2/repository/org/jboss/ws/projects/jaxws-jboss-httpserver-httpspi/1.0.1.GA/jaxws-jboss-httpserver-httpspi-1.0.1.GA.jar:/home/jboss/.m2/repository/org/jboss/com/sun/httpserver/httpserver/1.0.0.Final/httpserver-1.0.0.Final.jar:/home/jboss/.m2/repository/org/jboss/ws/cxf/jbossws-cxf-transports-udp/4.2.3.Final/jbossws-cxf-transports-udp-4.2.3.Final.jar:/home/jboss/.m2/repository/org/apache/cxf/cxf-rt-bindings-soap/2.7.7/cxf-rt-bindings-soap-2.7.7.jar:/home/jboss/.m2/repository/org/apache/cxf/cxf-api/2.7.7/cxf-api-2.7.7.jar:/home/jboss/.m2/repository/org/apache/ws/xmlschema/xmlschema-core/2.0.3/xmlschema-core-2.0.3.jar:/home/jboss/.m2/repository/org/apache/cxf/cxf-rt-databinding-jaxb/2.7.7/cxf-rt-databinding-jaxb-2.7.7.jar:/home/jboss/.m2/repository/org/apache/cxf/cxf-rt-bindings-object/2.7.7/cxf-rt-bindings-object-2.7.7.jar:/home/jboss/.m2/repository/org/apache/cxf/cxf-rt-bindings-coloc/2.7.7/cxf-rt-bindings-coloc-2.7.7.jar:/home/jboss/.m2/repository/org/apache/cxf/cxf-rt-core/2.7.7/cxf-rt-core-2.7.7.jar:/home/jboss/.m2/repository/org/apache/cxf/cxf-rt-frontend-jaxws/2.7.7/cxf-rt-frontend-jaxws-2.7.7.jar:/home/jboss/.m2/repository/xml-resolver/xml-resolver/1.2/xml-resolver-1.2.jar:/home/jboss/.m2/repository/org/apache/cxf/cxf-rt-bindings-xml/2.7.7/cxf-rt-bindings-xml-2.7.7.jar:/home/jboss/.m2/repository/org/apache/cxf/cxf-rt-frontend-simple/2.7.7/cxf-rt-frontend-simple-2.7.7.jar:/home/jboss/.m2/repository/org/apache/cxf/cxf-rt-ws-addr/2.7.7/cxf-rt-ws-addr-2.7.7.jar:/home/jboss/.m2/repository/org/apache/cxf/cxf-rt-transports-http/2.7.7/cxf-rt-transports-http-2.7.7.jar:/home/jboss/.m2/repository/org/apache/cxf/cxf-rt-transports-jms/2.7.7/cxf-rt-transports-jms-2.7.7.jar:/home/jboss/.m2/repository/org/apache/cxf/cxf-rt-management/2.7.7/cxf-rt-management-2.7.7.jar:/home/jboss/.m2/repository/com/sun/xml/bind/jaxb-impl/2.2.6/jaxb-impl-2.2.6.jar:/home/jboss/.m2/repository/com/sun/xml/bind/jaxb-xjc/2.2.6/jaxb-xjc-2.2.6.jar:/home/jboss/.m2/repository/org/apache/cxf/cxf-rt-transports-local/2.7.7/cxf-rt-transports-local-2.7.7.jar:/home/jboss/.m2/repository/org/apache/cxf/cxf-rt-ws-mex/2.7.7/cxf-rt-ws-mex-2.7.7.jar:/home/jboss/.m2/repository/org/apache/cxf/cxf-rt-ws-rm/2.7.7/cxf-rt-ws-rm-2.7.7.jar:/home/jboss/.m2/repository/org/apache/cxf/cxf-rt-ws-policy/2.7.7/cxf-rt-ws-policy-2.7.7.jar:/home/jboss/.m2/repository/org/apache/neethi/neethi/3.0.2/neethi-3.0.2.jar:/home/jboss/.m2/repository/org/apache/cxf/cxf-rt-ws-security/2.7.7/cxf-rt-ws-security-2.7.7.jar:/home/jboss/.m2/repository/net/sf/ehcache/ehcache-core/2.5.1/ehcache-core-2.5.1.jar:/home/jboss/.m2/repository/org/apache/ws/security/wss4j/1.6.12/wss4j-1.6.12.jar:/home/jboss/.m2/repository/org/opensaml/opensaml/2.5.1-1/opensaml-2.5.1-1.jar:/home/jboss/.m2/repository/org/opensaml/openws/1.4.2-1/openws-1.4.2-1.jar:/home/jboss/.m2/repository/org/opensaml/xmltooling/1.3.2-1/xmltooling-1.3.2-1.jar:/home/jboss/.m2/repository/joda-time/joda-time/1.6.2/joda-time-1.6.2.jar:/home/jboss/.m2/repository/commons-logging/commons-logging/1.1.1/commons-logging-1.1.1.jar:/home/jboss/.m2/repository/org/apache/cxf/cxf-tools-java2ws/2.7.7/cxf-tools-java2ws-2.7.7.jar:/home/jboss/.m2/repository/org/apache/cxf/cxf-tools-common/2.7.7/cxf-tools-common-2.7.7.jar:/home/jboss/.m2/repository/wsdl4j/wsdl4j/1.6.3/wsdl4j-1.6.3.jar:/home/jboss/.m2/repository/org/apache/cxf/cxf-rt-databinding-aegis/2.7.7/cxf-rt-databinding-aegis-2.7.7.jar:/home/jboss/.m2/repository/org/apache/cxf/cxf-tools-wsdlto-core/2.7.7/cxf-tools-wsdlto-core-2.7.7.jar:/home/jboss/.m2/repository/org/apache/cxf/cxf-tools-validator/2.7.7/cxf-tools-validator-2.7.7.jar:/home/jboss/.m2/repository/org/apache/cxf/cxf-tools-wsdlto-databinding-jaxb/2.7.7/cxf-tools-wsdlto-databinding-jaxb-2.7.7.jar:/home/jboss/.m2/repository/org/apache/cxf/cxf-tools-wsdlto-frontend-jaxws/2.7.7/cxf-tools-wsdlto-frontend-jaxws-2.7.7.jar:/home/jboss/.m2/repository/org/apache/cxf/services/ws-discovery/cxf-services-ws-discovery-api/2.7.7/cxf-services-ws-discovery-api-2.7.7.jar:/home/jboss/.m2/repository/org/apache/cxf/xjcplugins/cxf-xjc-boolean/2.6.1/cxf-xjc-boolean-2.6.1.jar:/home/jboss/.m2/repository/org/apache/cxf/xjcplugins/cxf-xjc-dv/2.6.1/cxf-xjc-dv-2.6.1.jar:/home/jboss/.m2/repository/org/apache/cxf/xjcplugins/cxf-xjc-ts/2.6.1/cxf-xjc-ts-2.6.1.jar:/home/jboss/.m2/repository/org/apache/velocity/velocity/1.7/velocity-1.7.jar:/home/jboss/.m2/repository/commons-collections/commons-collections/3.2.1/commons-collections-3.2.1.jar:/home/jboss/.m2/repository/commons-lang/commons-lang/2.6/commons-lang-2.6.jar:/home/jboss/.m2/repository/javax/xml/stream/stax-api/1.0-2/stax-api-1.0-2.jar:/home/jboss/.m2/repository/com/sun/xml/fastinfoset/FastInfoset/1.2.12/FastInfoset-1.2.12.jar:/home/jboss/.m2/repository/org/apache/santuario/xmlsec/1.5.5/xmlsec-1.5.5.jar:/home/jboss/.m2/repository/org/codehaus/woodstox/woodstox-core-asl/4.2.0/woodstox-core-asl-4.2.0.jar:/home/jboss/.m2/repository/org/codehaus/woodstox/stax2-api/3.1.1/stax2-api-3.1.1.jar:/home/jboss/.m2/repository/asm/asm/3.3.1/asm-3.3.1.jar:/home/jboss/.m2/repository/org/jboss/spec/javax/xml/rpc/jboss-jaxrpc-api_1.1_spec/1.0.1.Final/jboss-jaxrpc-api_1.1_spec-1.0.1.Final.jar:/home/jboss/.m2/repository/org/jboss/spec/javax/servlet/jboss-servlet-api_3.0_spec/1.0.1.Final/jboss-servlet-api_3.0_spec-1.0.1.Final.jar:/home/jboss/.m2/repository/org/jboss/logging/jboss-logging/3.1.2.GA/jboss-logging-3.1.2.GA.jar:/home/jboss/.m2/repository/log4j/log4j/1.2.14/log4j-1.2.14.jar:/home/jboss/.m2/repository/org/slf4j/slf4j-log4j12/1.6.1/slf4j-log4j12-1.6.1.jar:/home/jboss/.m2/repository/org/slf4j/slf4j-api/1.6.1/slf4j-api-1.6.1.jar:/home/jboss/.m2/repository/junit/junit/4.8.1/junit-4.8.1.jar:"/>
    <property name="java.vm.specification.version" value="1.7"/>
    <property name="sun.arch.data.model" value="32"/>
    <property name="java.home" value="/usr/share/jdk1.7.0_45/jre"/>
    <property name="sun.java.command" value="/home/jboss/tmp/handlers/target/surefire/surefirebooter8989747324413144547.jar /home/jboss/tmp/handlers/target/surefire/surefire8000101906475789653tmp /home/jboss/tmp/handlers/target/surefire/surefire5003556026108850726tmp"/>
    <property name="java.specification.vendor" value="Oracle Corporation"/>
    <property name="user.language" value="en"/>
    <property name="awt.toolkit" value="sun.awt.X11.XToolkit"/>
    <property name="java.vm.info" value="mixed mode"/>
    <property name="java.version" value="1.7.0_45"/>
    <property name="java.ext.dirs" value="/usr/share/jdk1.7.0_45/jre/lib/ext:/usr/java/packages/lib/ext"/>
    <property name="sun.boot.class.path" value="/usr/share/jdk1.7.0_45/jre/lib/resources.jar:/usr/share/jdk1.7.0_45/jre/lib/rt.jar:/usr/share/jdk1.7.0_45/jre/lib/sunrsasign.jar:/usr/share/jdk1.7.0_45/jre/lib/jsse.jar:/usr/share/jdk1.7.0_45/jre/lib/jce.jar:/usr/share/jdk1.7.0_45/jre/lib/charsets.jar:/usr/share/jdk1.7.0_45/jre/lib/jfr.jar:/usr/share/jdk1.7.0_45/jre/classes"/>
    <property name="java.vendor" value="Oracle Corporation"/>
    <property name="localRepository" value="/home/jboss/.m2/repository"/>
    <property name="file.separator" value="/"/>
    <property name="java.vendor.url.bug" value="http://bugreport.sun.com/bugreport/"/>
    <property name="sun.cpu.endian" value="little"/>
    <property name="sun.io.unicode.encoding" value="UnicodeLittle"/>
    <property name="sun.cpu.isalist" value=""/>
  </properties>
  <testcase time="2.571" classname="com.itbuzzpress.chapter3.HelloWorldIntegrationTest" name="testHelloWorld"/>
</testsuite>